======================================================
Error: Undefined variable $vistaError
Archivo: C:\xampp\htdocs\atlas\src\models\viewModel.php
Línea: 32
Fecha y hora: 2024-10-21 00:55:37
======================================================
======================================================
Error: require_once(error): Failed to open stream: No such file or directory
Archivo: C:\xampp\htdocs\atlas\index.php
Línea: 26
Fecha y hora: 2024-10-21 00:56:04
======================================================
======================================================
Error: require_once(error): Failed to open stream: No such file or directory
Archivo: C:\xampp\htdocs\atlas\index.php
Línea: 26
Fecha y hora: 2024-10-21 00:56:05
======================================================
======================================================
Error: Undefined variable $vistaError
Archivo: C:\xampp\htdocs\atlas\src\models\viewModel.php
Línea: 31
Fecha y hora: 2024-10-21 00:58:51
======================================================
======================================================
Error: Array to string conversion
Archivo: C:\xampp\htdocs\atlas\index.php
Línea: 26
Fecha y hora: 2024-10-21 00:59:13
======================================================
======================================================
Error: Array to string conversion
Archivo: C:\xampp\htdocs\atlas\index.php
Línea: 26
Fecha y hora: 2024-10-21 00:59:14
======================================================
======================================================
Error: Undefined array key 2
Archivo: C:\xampp\htdocs\atlas\src\models\viewModel.php
Línea: 31
Fecha y hora: 2024-10-21 00:59:33
======================================================
======================================================
Error: require_once(C:\xampp\php\pear): Failed to open stream: Permission denied
Archivo: C:\xampp\htdocs\atlas\index.php
Línea: 27
Fecha y hora: 2024-10-21 01:03:28
======================================================
======================================================
Error: Uninitialized string offset 2
Archivo: C:\xampp\htdocs\atlas\src\models\viewModel.php
Línea: 31
Fecha y hora: 2024-10-21 01:04:08
======================================================
======================================================
Error: Uninitialized string offset 2
Archivo: C:\xampp\htdocs\atlas\src\models\viewModel.php
Línea: 31
Fecha y hora: 2024-10-21 01:04:09
======================================================
======================================================
Error: Uninitialized string offset 2
Archivo: C:\xampp\htdocs\atlas\src\models\viewModel.php
Línea: 31
Fecha y hora: 2024-10-21 01:04:10
======================================================
======================================================
Error: Uninitialized string offset 2
Archivo: C:\xampp\htdocs\atlas\src\models\viewModel.php
Línea: 31
Fecha y hora: 2024-10-21 01:04:11
======================================================
======================================================
Error: Uninitialized string offset 2
Archivo: C:\xampp\htdocs\atlas\src\models\viewModel.php
Línea: 31
Fecha y hora: 2024-10-21 01:04:12
======================================================
======================================================
Error: Uninitialized string offset 2
Archivo: C:\xampp\htdocs\atlas\src\models\viewModel.php
Línea: 31
Fecha y hora: 2024-10-21 01:04:12
======================================================
======================================================
Error: Uninitialized string offset 2
Archivo: C:\xampp\htdocs\atlas\src\models\viewModel.php
Línea: 31
Fecha y hora: 2024-10-21 01:04:12
======================================================
======================================================
Error: Uninitialized string offset 2
Archivo: C:\xampp\htdocs\atlas\src\models\viewModel.php
Línea: 31
Fecha y hora: 2024-10-21 01:04:12
======================================================
======================================================
Error: Uninitialized string offset 2
Archivo: C:\xampp\htdocs\atlas\src\models\viewModel.php
Línea: 31
Fecha y hora: 2024-10-21 01:04:13
======================================================
======================================================
Error: Uninitialized string offset 2
Archivo: C:\xampp\htdocs\atlas\src\models\viewModel.php
Línea: 31
Fecha y hora: 2024-10-21 01:04:13
======================================================
======================================================
Error: Uninitialized string offset 2
Archivo: C:\xampp\htdocs\atlas\src\models\viewModel.php
Línea: 31
Fecha y hora: 2024-10-21 01:04:13
======================================================
======================================================
Error: Uninitialized string offset 2
Archivo: C:\xampp\htdocs\atlas\src\models\viewModel.php
Línea: 31
Fecha y hora: 2024-10-21 01:04:14
======================================================
======================================================
Excepción: Cannot access offset of type string on string
Archivo: C:\xampp\htdocs\atlas\src\models\viewModel.php
Línea: 31
Fecha y hora: 2024-10-21 01:06:00
======================================================
======================================================
Excepción: Cannot access offset of type string on string
Archivo: C:\xampp\htdocs\atlas\src\models\viewModel.php
Línea: 31
Fecha y hora: 2024-10-21 01:06:01
======================================================
======================================================
Excepción: Cannot access offset of type string on string
Archivo: C:\xampp\htdocs\atlas\src\models\viewModel.php
Línea: 31
Fecha y hora: 2024-10-21 01:06:23
======================================================
======================================================
Excepción: Cannot access offset of type string on string
Archivo: C:\xampp\htdocs\atlas\src\models\viewModel.php
Línea: 31
Fecha y hora: 2024-10-21 01:06:23
======================================================
======================================================
Excepción: Cannot access offset of type string on string
Archivo: C:\xampp\htdocs\atlas\src\models\viewModel.php
Línea: 32
Fecha y hora: 2024-10-21 01:07:06
======================================================
======================================================
Error: require_once(C:\xampp\php\pear): Failed to open stream: Permission denied
Archivo: C:\xampp\htdocs\atlas\index.php
Línea: 27
Fecha y hora: 2024-10-21 01:08:09
======================================================
======================================================
Error: require_once(C:\xampp\php\pear): Failed to open stream: Permission denied
Archivo: C:\xampp\htdocs\atlas\index.php
Línea: 27
Fecha y hora: 2024-10-21 01:08:24
======================================================
======================================================
Error: require_once(C:\xampp\php\pear): Failed to open stream: Permission denied
Archivo: C:\xampp\htdocs\atlas\index.php
Línea: 16
Fecha y hora: 2024-10-21 01:09:36
======================================================
