======================================================
Error: Undefined array key "usuario"
Archivo: C:\xampp\htdocs\atlas\src\config\app.php
Línea: 37
Fecha y hora: 2024-11-11 19:33:48
======================================================
======================================================
Error: Undefined array key "usuario"
Archivo: C:\xampp\htdocs\atlas\src\config\app.php
Línea: 37
Fecha y hora: 2024-11-11 19:33:48
======================================================
======================================================
Error: Undefined array key "usuario"
Archivo: C:\xampp\htdocs\atlas\src\config\app.php
Línea: 37
Fecha y hora: 2024-11-11 19:33:48
======================================================
======================================================
Error: Undefined array key "usuario"
Archivo: C:\xampp\htdocs\atlas\src\config\app.php
Línea: 37
Fecha y hora: 2024-11-11 19:33:48
======================================================
======================================================
Error: Undefined array key "usuario"
Archivo: C:\xampp\htdocs\atlas\src\config\app.php
Línea: 37
Fecha y hora: 2024-11-11 19:33:48
======================================================
======================================================
Error: Undefined array key "usuario"
Archivo: C:\xampp\htdocs\atlas\src\config\app.php
Línea: 37
Fecha y hora: 2024-11-11 19:33:48
======================================================
======================================================
Error: Undefined array key "usuario"
Archivo: C:\xampp\htdocs\atlas\src\config\app.php
Línea: 37
Fecha y hora: 2024-11-11 19:33:48
======================================================
======================================================
Error: Undefined array key "usuario"
Archivo: C:\xampp\htdocs\atlas\src\config\app.php
Línea: 37
Fecha y hora: 2024-11-11 19:33:49
======================================================
======================================================
Error: Undefined array key "usuario"
Archivo: C:\xampp\htdocs\atlas\src\config\app.php
Línea: 37
Fecha y hora: 2024-11-11 19:33:49
======================================================
======================================================
Error: Undefined array key "usuario"
Archivo: C:\xampp\htdocs\atlas\src\config\app.php
Línea: 37
Fecha y hora: 2024-11-11 19:33:49
======================================================
======================================================
Error: Undefined array key "usuario"
Archivo: C:\xampp\htdocs\atlas\src\config\app.php
Línea: 37
Fecha y hora: 2024-11-11 19:33:49
======================================================
======================================================
Error: Undefined array key "usuario"
Archivo: C:\xampp\htdocs\atlas\src\config\app.php
Línea: 37
Fecha y hora: 2024-11-11 19:33:49
======================================================
======================================================
Error: Undefined array key "usuario"
Archivo: C:\xampp\htdocs\atlas\src\config\app.php
Línea: 37
Fecha y hora: 2024-11-11 19:33:49
======================================================
======================================================
Error: Undefined array key "usuario"
Archivo: C:\xampp\htdocs\atlas\src\config\app.php
Línea: 37
Fecha y hora: 2024-11-11 19:33:49
======================================================
======================================================
Error: Undefined array key "usuario"
Archivo: C:\xampp\htdocs\atlas\src\config\app.php
Línea: 37
Fecha y hora: 2024-11-11 19:33:49
======================================================
======================================================
Error: Undefined array key "usuario"
Archivo: C:\xampp\htdocs\atlas\src\config\app.php
Línea: 37
Fecha y hora: 2024-11-11 19:33:49
======================================================
======================================================
Error: Undefined array key "usuario"
Archivo: C:\xampp\htdocs\atlas\src\config\app.php
Línea: 37
Fecha y hora: 2024-11-11 19:33:49
======================================================
======================================================
Error: Undefined array key "usuario"
Archivo: C:\xampp\htdocs\atlas\src\config\app.php
Línea: 37
Fecha y hora: 2024-11-11 19:33:49
======================================================
======================================================
Error: Undefined array key "usuario"
Archivo: C:\xampp\htdocs\atlas\src\config\app.php
Línea: 37
Fecha y hora: 2024-11-11 19:33:49
======================================================
======================================================
Error: Undefined array key "usuario"
Archivo: C:\xampp\htdocs\atlas\src\config\app.php
Línea: 37
Fecha y hora: 2024-11-11 19:33:49
======================================================
======================================================
Error: Undefined array key "usuario"
Archivo: C:\xampp\htdocs\atlas\src\config\app.php
Línea: 37
Fecha y hora: 2024-11-11 19:33:50
======================================================
======================================================
Error: Undefined array key "usuario"
Archivo: C:\xampp\htdocs\atlas\src\config\app.php
Línea: 37
Fecha y hora: 2024-11-11 19:33:50
======================================================
======================================================
Error: Undefined array key "usuario"
Archivo: C:\xampp\htdocs\atlas\src\config\app.php
Línea: 37
Fecha y hora: 2024-11-11 19:33:50
======================================================
======================================================
Error: Undefined array key "usuario"
Archivo: C:\xampp\htdocs\atlas\src\config\app.php
Línea: 37
Fecha y hora: 2024-11-11 19:33:50
======================================================
======================================================
Error: Undefined array key "usuario"
Archivo: C:\xampp\htdocs\atlas\src\config\app.php
Línea: 37
Fecha y hora: 2024-11-11 19:33:50
======================================================
======================================================
Error: Undefined array key "usuario"
Archivo: C:\xampp\htdocs\atlas\src\config\app.php
Línea: 37
Fecha y hora: 2024-11-11 19:33:50
======================================================
======================================================
Error: Undefined array key "usuario"
Archivo: C:\xampp\htdocs\atlas\src\config\app.php
Línea: 37
Fecha y hora: 2024-11-11 19:33:50
======================================================
======================================================
Error: Undefined array key "usuario"
Archivo: C:\xampp\htdocs\atlas\src\config\app.php
Línea: 37
Fecha y hora: 2024-11-11 19:33:50
======================================================
======================================================
Error: Undefined array key "usuario"
Archivo: C:\xampp\htdocs\atlas\src\config\app.php
Línea: 37
Fecha y hora: 2024-11-11 19:33:51
======================================================
======================================================
Error: Undefined array key "usuario"
Archivo: C:\xampp\htdocs\atlas\src\config\app.php
Línea: 37
Fecha y hora: 2024-11-11 19:33:51
======================================================
======================================================
Error: Undefined array key "usuario"
Archivo: C:\xampp\htdocs\atlas\src\config\app.php
Línea: 37
Fecha y hora: 2024-11-11 19:33:51
======================================================
======================================================
Error: Undefined array key "usuario"
Archivo: C:\xampp\htdocs\atlas\src\config\app.php
Línea: 37
Fecha y hora: 2024-11-11 19:33:51
======================================================
======================================================
Error: Undefined array key "usuario"
Archivo: C:\xampp\htdocs\atlas\src\config\app.php
Línea: 37
Fecha y hora: 2024-11-11 19:33:51
======================================================
======================================================
Error: Undefined array key "usuario"
Archivo: C:\xampp\htdocs\atlas\src\config\app.php
Línea: 37
Fecha y hora: 2024-11-11 19:33:51
======================================================
======================================================
Error: Undefined array key "usuario"
Archivo: C:\xampp\htdocs\atlas\src\config\app.php
Línea: 37
Fecha y hora: 2024-11-11 19:33:51
======================================================
======================================================
Error: Undefined array key "usuario"
Archivo: C:\xampp\htdocs\atlas\src\config\app.php
Línea: 37
Fecha y hora: 2024-11-11 19:33:51
======================================================
======================================================
Error: Undefined array key "usuario"
Archivo: C:\xampp\htdocs\atlas\src\config\app.php
Línea: 37
Fecha y hora: 2024-11-11 19:33:51
======================================================
======================================================
Error: Undefined array key "usuario"
Archivo: C:\xampp\htdocs\atlas\src\config\app.php
Línea: 37
Fecha y hora: 2024-11-11 19:33:51
======================================================
======================================================
Error: Undefined array key "usuario"
Archivo: C:\xampp\htdocs\atlas\src\config\app.php
Línea: 37
Fecha y hora: 2024-11-11 19:33:51
======================================================
======================================================
Error: Undefined array key "usuario"
Archivo: C:\xampp\htdocs\atlas\src\config\app.php
Línea: 37
Fecha y hora: 2024-11-11 19:33:51
======================================================
======================================================
Error: Undefined array key "usuario"
Archivo: C:\xampp\htdocs\atlas\src\config\app.php
Línea: 37
Fecha y hora: 2024-11-11 19:33:56
======================================================
======================================================
Error: Undefined array key "usuario"
Archivo: C:\xampp\htdocs\atlas\src\config\app.php
Línea: 37
Fecha y hora: 2024-11-11 19:33:56
======================================================
======================================================
Error: Undefined array key "usuario"
Archivo: C:\xampp\htdocs\atlas\src\config\app.php
Línea: 37
Fecha y hora: 2024-11-11 19:33:56
======================================================
======================================================
Error: Undefined array key "usuario"
Archivo: C:\xampp\htdocs\atlas\src\config\app.php
Línea: 37
Fecha y hora: 2024-11-11 19:33:56
======================================================
======================================================
Error: Undefined array key "usuario"
Archivo: C:\xampp\htdocs\atlas\src\config\app.php
Línea: 37
Fecha y hora: 2024-11-11 19:33:56
======================================================
======================================================
Error: Undefined array key "usuario"
Archivo: C:\xampp\htdocs\atlas\src\config\app.php
Línea: 37
Fecha y hora: 2024-11-11 19:33:56
======================================================
======================================================
Error: Undefined array key "usuario"
Archivo: C:\xampp\htdocs\atlas\src\config\app.php
Línea: 37
Fecha y hora: 2024-11-11 19:33:56
======================================================
======================================================
Error: Undefined array key "usuario"
Archivo: C:\xampp\htdocs\atlas\src\config\app.php
Línea: 37
Fecha y hora: 2024-11-11 19:33:57
======================================================
======================================================
Error: Undefined array key "usuario"
Archivo: C:\xampp\htdocs\atlas\src\config\app.php
Línea: 37
Fecha y hora: 2024-11-11 19:33:57
======================================================
======================================================
Error: Undefined array key "usuario"
Archivo: C:\xampp\htdocs\atlas\src\config\app.php
Línea: 37
Fecha y hora: 2024-11-11 19:33:57
======================================================
======================================================
Error: Undefined array key "usuario"
Archivo: C:\xampp\htdocs\atlas\src\config\app.php
Línea: 37
Fecha y hora: 2024-11-11 19:33:57
======================================================
======================================================
Error: Undefined array key "usuario"
Archivo: C:\xampp\htdocs\atlas\src\config\app.php
Línea: 37
Fecha y hora: 2024-11-11 19:33:57
======================================================
======================================================
Error: Undefined array key "usuario"
Archivo: C:\xampp\htdocs\atlas\src\config\app.php
Línea: 37
Fecha y hora: 2024-11-11 19:33:57
======================================================
======================================================
Error: Undefined array key "usuario"
Archivo: C:\xampp\htdocs\atlas\src\config\app.php
Línea: 37
Fecha y hora: 2024-11-11 19:33:57
======================================================
======================================================
Error: Undefined array key "usuario"
Archivo: C:\xampp\htdocs\atlas\src\config\app.php
Línea: 37
Fecha y hora: 2024-11-11 19:33:57
======================================================
======================================================
Error: Undefined array key "usuario"
Archivo: C:\xampp\htdocs\atlas\src\config\app.php
Línea: 37
Fecha y hora: 2024-11-11 19:33:57
======================================================
======================================================
Error: Undefined array key "usuario"
Archivo: C:\xampp\htdocs\atlas\src\config\app.php
Línea: 37
Fecha y hora: 2024-11-11 19:33:57
======================================================
======================================================
Error: Undefined array key "usuario"
Archivo: C:\xampp\htdocs\atlas\src\config\app.php
Línea: 37
Fecha y hora: 2024-11-11 19:33:57
======================================================
======================================================
Error: Undefined array key "usuario"
Archivo: C:\xampp\htdocs\atlas\src\config\app.php
Línea: 37
Fecha y hora: 2024-11-11 19:33:57
======================================================
======================================================
Error: Undefined array key "usuario"
Archivo: C:\xampp\htdocs\atlas\src\config\app.php
Línea: 37
Fecha y hora: 2024-11-11 19:33:57
======================================================
======================================================
Error: Undefined array key "usuario"
Archivo: C:\xampp\htdocs\atlas\src\config\app.php
Línea: 37
Fecha y hora: 2024-11-11 19:34:27
======================================================
======================================================
Error: Undefined array key "usuario"
Archivo: C:\xampp\htdocs\atlas\src\config\app.php
Línea: 37
Fecha y hora: 2024-11-11 19:34:27
======================================================
======================================================
Error: Undefined array key "usuario"
Archivo: C:\xampp\htdocs\atlas\src\config\app.php
Línea: 37
Fecha y hora: 2024-11-11 19:34:27
======================================================
======================================================
Error: Undefined array key "usuario"
Archivo: C:\xampp\htdocs\atlas\src\config\app.php
Línea: 37
Fecha y hora: 2024-11-11 19:34:27
======================================================
======================================================
Error: Undefined array key "usuario"
Archivo: C:\xampp\htdocs\atlas\src\config\app.php
Línea: 37
Fecha y hora: 2024-11-11 19:34:27
======================================================
======================================================
Error: Undefined array key "usuario"
Archivo: C:\xampp\htdocs\atlas\src\config\app.php
Línea: 37
Fecha y hora: 2024-11-11 19:34:27
======================================================
======================================================
Error: Undefined array key "usuario"
Archivo: C:\xampp\htdocs\atlas\src\config\app.php
Línea: 37
Fecha y hora: 2024-11-11 19:34:27
======================================================
======================================================
Error: Undefined array key "usuario"
Archivo: C:\xampp\htdocs\atlas\src\config\app.php
Línea: 37
Fecha y hora: 2024-11-11 19:34:28
======================================================
======================================================
Error: Undefined array key "usuario"
Archivo: C:\xampp\htdocs\atlas\src\config\app.php
Línea: 37
Fecha y hora: 2024-11-11 19:34:28
======================================================
======================================================
Error: Undefined array key "usuario"
Archivo: C:\xampp\htdocs\atlas\src\config\app.php
Línea: 37
Fecha y hora: 2024-11-11 19:34:28
======================================================
======================================================
Error: Undefined array key "usuario"
Archivo: C:\xampp\htdocs\atlas\src\config\app.php
Línea: 37
Fecha y hora: 2024-11-11 19:34:28
======================================================
======================================================
Error: Undefined array key "usuario"
Archivo: C:\xampp\htdocs\atlas\src\config\app.php
Línea: 37
Fecha y hora: 2024-11-11 19:34:28
======================================================
======================================================
Error: Undefined array key "usuario"
Archivo: C:\xampp\htdocs\atlas\src\config\app.php
Línea: 37
Fecha y hora: 2024-11-11 19:34:28
======================================================
======================================================
Error: Undefined array key "usuario"
Archivo: C:\xampp\htdocs\atlas\src\config\app.php
Línea: 37
Fecha y hora: 2024-11-11 19:34:28
======================================================
======================================================
Error: Undefined array key "usuario"
Archivo: C:\xampp\htdocs\atlas\src\config\app.php
Línea: 37
Fecha y hora: 2024-11-11 19:34:28
======================================================
======================================================
Error: Undefined array key "usuario"
Archivo: C:\xampp\htdocs\atlas\src\config\app.php
Línea: 37
Fecha y hora: 2024-11-11 19:34:28
======================================================
======================================================
Error: Undefined array key "usuario"
Archivo: C:\xampp\htdocs\atlas\src\config\app.php
Línea: 37
Fecha y hora: 2024-11-11 19:34:28
======================================================
======================================================
Error: Undefined array key "usuario"
Archivo: C:\xampp\htdocs\atlas\src\config\app.php
Línea: 37
Fecha y hora: 2024-11-11 19:34:28
======================================================
======================================================
Error: Undefined array key "usuario"
Archivo: C:\xampp\htdocs\atlas\src\config\app.php
Línea: 37
Fecha y hora: 2024-11-11 19:34:28
======================================================
======================================================
Error: Undefined array key "usuario"
Archivo: C:\xampp\htdocs\atlas\src\config\app.php
Línea: 37
Fecha y hora: 2024-11-11 19:34:28
======================================================
